2019-09-04 21:54:26.270 [main] DEBUG com.hundsun.o2o.dao.ShopDao.insertShop -
				==>  Preparing: Insert into tb_shop (owner_id,area_id,shop_category_id,shop_name,shop_desc,shop_addr,phone,shop_img,priority,create_time,;ast_edit_time,enable_status,advice) values (?,?,?,?,?,?,?,?,?,?,?,?,?) 
2019-09-04 21:54:26.353 [main] DEBUG com.hundsun.o2o.dao.ShopDao.insertShop -
				==> Parameters: 1(Long), 2(Integer), null, 测试的店铺(String), test(String), test(String), test(String), test(String), null, 2019-09-04 21:54:25.911(Timestamp), null, 1(Integer), 审核中(String)
2019-09-04 21:55:22.100 [main] DEBUG com.hundsun.o2o.dao.ShopDao.insertShop -
				==>  Preparing: Insert into tb_shop (owner_id,area_id,shop_category_id,shop_name,shop_desc,shop_addr,phone,shop_img,priority,create_time,last_edit_time,enable_status,advice) values (?,?,?,?,?,?,?,?,?,?,?,?,?) 
2019-09-04 21:55:22.189 [main] DEBUG com.hundsun.o2o.dao.ShopDao.insertShop -
				==> Parameters: 1(Long), 2(Integer), null, 测试的店铺(String), test(String), test(String), test(String), test(String), null, 2019-09-04 21:55:21.747(Timestamp), null, 1(Integer), 审核中(String)
2019-09-04 21:55:22.191 [main] DEBUG com.hundsun.o2o.dao.ShopDao.insertShop -
				<==    Updates: 1
2019-09-04 22:44:43.513 [main] DEBUG com.hundsun.o2o.dao.ShopDao.insertShop -
				==>  Preparing: Insert into tb_shop (owner_id,area_id,shop_category_id,shop_name,shop_desc,shop_addr,phone,shop_img,priority,create_time,last_edit_time,enable_status,advice) values (?,?,?,?,?,?,?,?,?,?,?,?,?) 
2019-09-04 22:44:43.613 [main] DEBUG com.hundsun.o2o.dao.ShopDao.insertShop -
				==> Parameters: null, null, null, 测试的店铺(String), 测试描述(String), 测试地址(String), test(String), test(String), null, null, 2019-09-04 22:44:43.153(Timestamp), null, null
2019-09-04 22:46:42.170 [main] DEBUG com.hundsun.o2o.dao.ShopDao.insertShop -
				==>  Preparing: Insert into tb_shop (owner_id,area_id,shop_category_id,shop_name,shop_desc,shop_addr,phone,shop_img,priority,create_time,last_edit_time,enable_status,advice) values (?,?,?,?,?,?,?,?,?,?,?,?,?) 
2019-09-04 22:46:42.270 [main] DEBUG com.hundsun.o2o.dao.ShopDao.insertShop -
				==> Parameters: null, null, null, 测试的店铺(String), 测试描述(String), 测试地址(String), test(String), test(String), null, null, 2019-09-04 22:46:41.8(Timestamp), null, null
2019-09-04 22:48:32.323 [main] DEBUG com.hundsun.o2o.dao.ShopDao.insertShop -
				==>  Preparing: Insert into tb_shop (owner_id,area_id,shop_category_id,shop_name,shop_desc,shop_addr,phone,shop_img,priority,create_time,last_edit_time,enable_status,advice) values (?,?,?,?,?,?,?,?,?,?,?,?,?) 
2019-09-04 22:48:32.423 [main] DEBUG com.hundsun.o2o.dao.ShopDao.insertShop -
				==> Parameters: null, null, null, 测试的店铺(String), 测试描述(String), 测试地址(String), test(String), test(String), null, null, 2019-09-04 22:48:31.983(Timestamp), null, null
2019-09-04 22:50:57.525 [main] DEBUG com.hundsun.o2o.dao.ShopDao.insertShop -
				==>  Preparing: Insert into tb_shop (owner_id,area_id,shop_category_id,shop_name,shop_desc,shop_addr,phone,shop_img,priority,create_time,last_edit_time,enable_status,advice) values (?,?,?,?,?,?,?,?,?,?,?,?,?) 
2019-09-04 22:50:57.645 [main] DEBUG com.hundsun.o2o.dao.ShopDao.insertShop -
				==> Parameters: null, null, null, 测试的店铺(String), 测试描述(String), 测试地址(String), test(String), test(String), null, null, 2019-09-04 22:50:57.103(Timestamp), null, null
2019-09-04 22:52:53.569 [main] DEBUG com.hundsun.o2o.dao.ShopDao.insertShop -
				==>  Preparing: Insert into tb_shop (owner_id,area_id,shop_category_id,shop_name,shop_desc,shop_addr,phone,shop_img,priority,create_time,last_edit_time,enable_status,advice) values (?,?,?,?,?,?,?,?,?,?,?,?,?) 
2019-09-04 22:52:53.689 [main] DEBUG com.hundsun.o2o.dao.ShopDao.insertShop -
				==> Parameters: null, null, null, null, 测试描述(String), 测试地址(String), null, null, null, null, 2019-09-04 22:52:53.249(Timestamp), null, null
2019-09-04 22:54:17.404 [main] DEBUG com.hundsun.o2o.dao.ShopDao.insertShop -
				==>  Preparing: Insert into tb_shop (owner_id,area_id,shop_category_id,shop_name,shop_desc,shop_addr,phone,shop_img,priority,create_time,last_edit_time,enable_status,advice) values (?,?,?,?,?,?,?,?,?,?,?,?,?) 
2019-09-04 22:54:17.504 [main] DEBUG com.hundsun.o2o.dao.ShopDao.insertShop -
				==> Parameters: null, null, null, null, 测试描述(String), 测试地址(String), null, null, null, null, 2019-09-04 22:54:17.064(Timestamp), null, null
2019-09-04 22:59:00.223 [main] DEBUG com.hundsun.o2o.dao.ShopDao.insertShop -
				==>  Preparing: Insert into tb_shop (owner_id,area_id,shop_category_id,shop_name,shop_desc,shop_addr,phone,shop_img,priority,create_time,last_edit_time,enable_status,advice) values (?,?,?,?,?,?,?,?,?,?,?,?,?) 
2019-09-04 22:59:00.323 [main] DEBUG com.hundsun.o2o.dao.ShopDao.insertShop -
				==> Parameters: null, null, null, null, 测试描述(String), 测试地址(String), null, null, null, null, 2019-09-04 22:58:59.883(Timestamp), null, null
2019-09-04 23:00:31.929 [main] DEBUG com.hundsun.o2o.dao.ShopDao.updateShop -
				==>  Preparing: update tb_shop set SET shop_desc=?, shop_addr=?, last_edit_time=? where shop_id=? 
2019-09-04 23:06:05.272 [main] DEBUG com.hundsun.o2o.dao.ShopDao.updateShop -
				==>  Preparing: update tb_shop set SET shop_desc=?, shop_addr=?, last_edit_time=? where shop_id=? 
2019-09-04 23:13:23.141 [main] DEBUG com.hundsun.o2o.dao.ShopDao.updateShop -
				==>  Preparing: update tb_shop SET shop_desc=?, shop_addr=?, last_edit_time=? where shop_id=? 
2019-09-04 23:13:23.211 [main] DEBUG com.hundsun.o2o.dao.ShopDao.updateShop -
				==> Parameters: 测试描述(String), 测试地址(String), 2019-09-04 23:13:22.771(Timestamp), 1(Long)
2019-09-04 23:13:23.211 [main] DEBUG com.hundsun.o2o.dao.ShopDao.updateShop -
				<==    Updates: 1
